<?xml version="1.0" encoding="UTF-8"?>
<testng-results ignored="0" total="1" passed="1" failed="0" skipped="0">
  <reporter-output>
  </reporter-output>
  <suite started-at="2024-03-23T23:56:44 IST" name="Default suite" finished-at="2024-03-23T23:56:47 IST" duration-ms="2546">
    <groups>
    </groups>
    <test started-at="2024-03-23T23:56:44 IST" name="Default test" finished-at="2024-03-23T23:56:47 IST" duration-ms="2546">
      <class name="getRequest.GetData">
        <test-method signature="testResponse()[pri:0, instance:getRequest.GetData@2f8dad04]" started-at="2024-03-23T23:56:44 IST" name="testResponse" finished-at="2024-03-23T23:56:47 IST" duration-ms="2497" status="PASS">
          <reporter-output>
          </reporter-output>
        </test-method> <!-- testResponse -->
      </class> <!-- getRequest.GetData -->
    </test> <!-- Default test -->
  </suite> <!-- Default suite -->
</testng-results>
